<?xml version="1.0" encoding="UTF-8"?>
<testsuite name="example.service.TodoServiceTest" tests="1" skipped="0" failures="0" errors="0" timestamp="2022-05-31T01:05:35" hostname="DESKTOP-UABOV6D" time="0.652">
  <properties/>
  <testcase name="searchByIdFailed()" classname="example.service.TodoServiceTest" time="0.652"/>
  <system-out><![CDATA[]]></system-out>
  <system-err><![CDATA[]]></system-err>
</testsuite>
